# JRE version: Java(TM) SE Runtime Environment 18.9 (11.0.13+10) (build 11.0.13+10-LTS-370)
# Java VM: Java HotSpot(TM) 64-Bit Server VM 18.9 (11.0.13+10-LTS-370, mixed mode, tiered, compressed oops, g1 gc, windows-amd64)
Heap:
 garbage-first heap   total 258048K, used 213827K [0x0000000080000000, 0x0000000100000000)
  region size 1024K, 59 young (60416K), 4 survivors (4096K)
 Metaspace       used 142765K, capacity 148497K, committed 149720K, reserved 1179648K
  class space    used 17916K, capacity 19996K, committed 20480K, reserved 1048576K
GC Heap History (10 events):
Event: 2891.275 GC heap before
{Heap before GC invocations=121 (full 0):
 garbage-first heap   total 258048K, used 157102K [0x0000000080000000, 0x0000000100000000)
  region size 1024K, 12 young (12288K), 9 survivors (9216K)
 Metaspace       used 142510K, capacity 148229K, committed 149464K, reserved 1177600K
  class space    used 17916K, capacity 19996K, committed 20480K, reserved 1048576K
}
Event: 2891.290 GC heap after
{Heap after GC invocations=122 (full 0):
 garbage-first heap   total 258048K, used 137567K [0x0000000080000000, 0x0000000100000000)
  region size 1024K, 1 young (1024K), 1 survivors (1024K)
 Metaspace       used 142510K, capacity 148229K, committed 149464K, reserved 1177600K
  class space    used 17916K, capacity 19996K, committed 20480K, reserved 1048576K
}
Event: 2892.166 GC heap before
{Heap before GC invocations=122 (full 0):
 garbage-first heap   total 258048K, used 193887K [0x0000000080000000, 0x0000000100000000)
  region size 1024K, 58 young (59392K), 1 survivors (1024K)
 Metaspace       used 142589K, capacity 148299K, committed 149464K, reserved 1177600K
  class space    used 17916K, capacity 19996K, committed 20480K, reserved 1048576K
}
Event: 2892.175 GC heap after
{Heap after GC invocations=123 (full 0):
 garbage-first heap   total 258048K, used 140402K [0x0000000080000000, 0x0000000100000000)
  region size 1024K, 4 young (4096K), 4 survivors (4096K)
 Metaspace       used 142589K, capacity 148299K, committed 149464K, reserved 1177600K
  class space    used 17916K, capacity 19996K, committed 20480K, reserved 1048576K
}
Event: 3001.975 GC heap before
{Heap before GC invocations=124 (full 0):
 garbage-first heap   total 258048K, used 229490K [0x0000000080000000, 0x0000000100000000)
  region size 1024K, 73 young (74752K), 4 survivors (4096K)
 Metaspace       used 142614K, capacity 148300K, committed 149464K, reserved 1177600K
  class space    used 17916K, capacity 19996K, committed 20480K, reserved 1048576K
}
Event: 3001.986 GC heap after
{Heap after GC invocations=125 (full 0):
 garbage-first heap   total 258048K, used 147089K [0x0000000080000000, 0x0000000100000000)
  region size 1024K, 10 young (10240K), 10 survivors (10240K)
 Metaspace       used 142614K, capacity 148300K, committed 149464K, reserved 1177600K
  class space    used 17916K, capacity 19996K, committed 20480K, reserved 1048576K
}
Event: 3001.989 GC heap before
{Heap before GC invocations=125 (full 0):
 garbage-first heap   total 258048K, used 148113K [0x0000000080000000, 0x0000000100000000)
  region size 1024K, 12 young (12288K), 10 survivors (10240K)
 Metaspace       used 142615K, capacity 148300K, committed 149464K, reserved 1177600K
  class space    used 17916K, capacity 19996K, committed 20480K, reserved 1048576K
}
Event: 3002.002 GC heap after
{Heap after GC invocations=126 (full 0):
 garbage-first heap   total 258048K, used 138041K [0x0000000080000000, 0x0000000100000000)
  region size 1024K, 2 young (2048K), 2 survivors (2048K)
 Metaspace       used 142615K, capacity 148300K, committed 149464K, reserved 1177600K
  class space    used 17916K, capacity 19996K, committed 20480K, reserved 1048576K
}
Event: 3002.886 GC heap before
{Heap before GC invocations=126 (full 0):
 garbage-first heap   total 258048K, used 189241K [0x0000000080000000, 0x0000000100000000)
  region size 1024K, 54 young (55296K), 2 survivors (2048K)
 Metaspace       used 142683K, capacity 148368K, committed 149464K, reserved 1177600K
  class space    used 17916K, capacity 19996K, committed 20480K, reserved 1048576K
}
Event: 3002.892 GC heap after
{Heap after GC invocations=127 (full 0):
 garbage-first heap   total 258048K, used 140099K [0x0000000080000000, 0x0000000100000000)
  region size 1024K, 4 young (4096K), 4 survivors (4096K)
 Metaspace       used 142683K, capacity 148368K, committed 149464K, reserved 1177600K
  class space    used 17916K, capacity 19996K, committed 20480K, reserved 1048576K
}

