# JRE version: Java(TM) SE Runtime Environment 18.9 (11.0.13+10) (build 11.0.13+10-LTS-370)
# Java VM: Java HotSpot(TM) 64-Bit Server VM 18.9 (11.0.13+10-LTS-370, mixed mode, tiered, compressed oops, g1 gc, windows-amd64)
Heap:
 garbage-first heap   total 258048K, used 146432K [0x0000000080000000, 0x0000000100000000)
  region size 1024K, 16 young (16384K), 2 survivors (2048K)
 Metaspace       used 137970K, capacity 143681K, committed 143700K, reserved 1173504K
  class space    used 17330K, capacity 19399K, committed 19404K, reserved 1048576K
GC Heap History (10 events):
Event: 3925.346 GC heap before
{Heap before GC invocations=146 (full 0):
 garbage-first heap   total 258048K, used 228214K [0x0000000080000000, 0x0000000100000000)
  region size 1024K, 48 young (49152K), 8 survivors (8192K)
 Metaspace       used 137568K, capacity 143291K, committed 143444K, reserved 1173504K
  class space    used 17275K, capacity 19332K, committed 19404K, reserved 1048576K
}
Event: 3925.359 GC heap after
{Heap after GC invocations=147 (full 0):
 garbage-first heap   total 258048K, used 164549K [0x0000000080000000, 0x0000000100000000)
  region size 1024K, 6 young (6144K), 6 survivors (6144K)
 Metaspace       used 137568K, capacity 143291K, committed 143444K, reserved 1173504K
  class space    used 17275K, capacity 19332K, committed 19404K, reserved 1048576K
}
Event: 3925.368 GC heap before
{Heap before GC invocations=147 (full 0):
 garbage-first heap   total 258048K, used 169669K [0x0000000080000000, 0x0000000100000000)
  region size 1024K, 12 young (12288K), 6 survivors (6144K)
 Metaspace       used 137585K, capacity 143318K, committed 143444K, reserved 1173504K
  class space    used 17279K, capacity 19339K, committed 19404K, reserved 1048576K
}
Event: 3925.381 GC heap after
{Heap after GC invocations=148 (full 0):
 garbage-first heap   total 258048K, used 151549K [0x0000000080000000, 0x0000000100000000)
  region size 1024K, 1 young (1024K), 1 survivors (1024K)
 Metaspace       used 137585K, capacity 143318K, committed 143444K, reserved 1173504K
  class space    used 17279K, capacity 19339K, committed 19404K, reserved 1048576K
}
Event: 3926.530 GC heap before
{Heap before GC invocations=148 (full 0):
 garbage-first heap   total 258048K, used 195581K [0x0000000080000000, 0x0000000100000000)
  region size 1024K, 45 young (46080K), 1 survivors (1024K)
 Metaspace       used 137632K, capacity 143384K, committed 143444K, reserved 1173504K
  class space    used 17286K, capacity 19352K, committed 19404K, reserved 1048576K
}
Event: 3926.537 GC heap after
{Heap after GC invocations=149 (full 0):
 garbage-first heap   total 258048K, used 158401K [0x0000000080000000, 0x0000000100000000)
  region size 1024K, 6 young (6144K), 6 survivors (6144K)
 Metaspace       used 137632K, capacity 143384K, committed 143444K, reserved 1173504K
  class space    used 17286K, capacity 19352K, committed 19404K, reserved 1048576K
}
Event: 3945.212 GC heap before
{Heap before GC invocations=150 (full 0):
 garbage-first heap   total 258048K, used 220865K [0x0000000080000000, 0x0000000100000000)
  region size 1024K, 49 young (50176K), 6 survivors (6144K)
 Metaspace       used 137751K, capacity 143508K, committed 143700K, reserved 1173504K
  class space    used 17301K, capacity 19380K, committed 19404K, reserved 1048576K
}
Event: 3945.217 GC heap after
{Heap after GC invocations=151 (full 0):
 garbage-first heap   total 258048K, used 147807K [0x0000000080000000, 0x0000000100000000)
  region size 1024K, 2 young (2048K), 2 survivors (2048K)
 Metaspace       used 137751K, capacity 143508K, committed 143700K, reserved 1173504K
  class space    used 17301K, capacity 19380K, committed 19404K, reserved 1048576K
}
Event: 3965.953 GC heap before
{Heap before GC invocations=151 (full 0):
 garbage-first heap   total 258048K, used 158047K [0x0000000080000000, 0x0000000100000000)
  region size 1024K, 12 young (12288K), 2 survivors (2048K)
 Metaspace       used 137783K, capacity 143509K, committed 143700K, reserved 1173504K
  class space    used 17301K, capacity 19380K, committed 19404K, reserved 1048576K
}
Event: 3965.962 GC heap after
{Heap after GC invocations=152 (full 0):
 garbage-first heap   total 258048K, used 133120K [0x0000000080000000, 0x0000000100000000)
  region size 1024K, 2 young (2048K), 2 survivors (2048K)
 Metaspace       used 137783K, capacity 143509K, committed 143700K, reserved 1173504K
  class space    used 17301K, capacity 19380K, committed 19404K, reserved 1048576K
}

