# JRE version: Java(TM) SE Runtime Environment 18.9 (11.0.13+10) (build 11.0.13+10-LTS-370)
# Java VM: Java HotSpot(TM) 64-Bit Server VM 18.9 (11.0.13+10-LTS-370, mixed mode, tiered, compressed oops, g1 gc, windows-amd64)
Heap:
 garbage-first heap   total 310272K, used 135337K [0x0000000080000000, 0x0000000100000000)
  region size 1024K, 34 young (34816K), 13 survivors (13312K)
 Metaspace       used 95790K, capacity 98516K, committed 98636K, reserved 1134592K
  class space    used 12301K, capacity 13366K, committed 13388K, reserved 1048576K
GC Heap History (10 events):
Event: 7.514 GC heap before
{Heap before GC invocations=13 (full 0):
 garbage-first heap   total 258048K, used 188888K [0x0000000080000000, 0x0000000100000000)
  region size 1024K, 129 young (132096K), 15 survivors (15360K)
 Metaspace       used 86094K, capacity 88324K, committed 88652K, reserved 1126400K
  class space    used 11361K, capacity 12241K, committed 12364K, reserved 1048576K
}
Event: 7.528 GC heap after
{Heap after GC invocations=14 (full 0):
 garbage-first heap   total 258048K, used 87342K [0x0000000080000000, 0x0000000100000000)
  region size 1024K, 17 young (17408K), 17 survivors (17408K)
 Metaspace       used 86094K, capacity 88324K, committed 88652K, reserved 1126400K
  class space    used 11361K, capacity 12241K, committed 12364K, reserved 1048576K
}
Event: 8.203 GC heap before
{Heap before GC invocations=14 (full 0):
 garbage-first heap   total 258048K, used 192814K [0x0000000080000000, 0x0000000100000000)
  region size 1024K, 120 young (122880K), 17 survivors (17408K)
 Metaspace       used 89651K, capacity 92250K, committed 92492K, reserved 1128448K
  class space    used 11819K, capacity 12811K, committed 12876K, reserved 1048576K
}
Event: 8.219 GC heap after
{Heap after GC invocations=15 (full 0):
 garbage-first heap   total 258048K, used 96304K [0x0000000080000000, 0x0000000100000000)
  region size 1024K, 8 young (8192K), 8 survivors (8192K)
 Metaspace       used 89651K, capacity 92250K, committed 92492K, reserved 1128448K
  class space    used 11819K, capacity 12811K, committed 12876K, reserved 1048576K
}
Event: 8.652 GC heap before
{Heap before GC invocations=15 (full 0):
 garbage-first heap   total 258048K, used 198704K [0x0000000080000000, 0x0000000100000000)
  region size 1024K, 108 young (110592K), 8 survivors (8192K)
 Metaspace       used 90568K, capacity 93347K, committed 93644K, reserved 1130496K
  class space    used 11883K, capacity 12920K, committed 13004K, reserved 1048576K
}
Event: 8.659 GC heap after
{Heap after GC invocations=16 (full 0):
 garbage-first heap   total 258048K, used 102652K [0x0000000080000000, 0x0000000100000000)
  region size 1024K, 14 young (14336K), 14 survivors (14336K)
 Metaspace       used 90568K, capacity 93347K, committed 93644K, reserved 1130496K
  class space    used 11883K, capacity 12920K, committed 13004K, reserved 1048576K
}
Event: 8.971 GC heap before
{Heap before GC invocations=16 (full 0):
 garbage-first heap   total 258048K, used 200956K [0x0000000080000000, 0x0000000100000000)
  region size 1024K, 111 young (113664K), 14 survivors (14336K)
 Metaspace       used 90822K, capacity 93530K, committed 93644K, reserved 1130496K
  class space    used 11903K, capacity 12930K, committed 13004K, reserved 1048576K
}
Event: 8.986 GC heap after
{Heap after GC invocations=17 (full 0):
 garbage-first heap   total 258048K, used 108751K [0x0000000080000000, 0x0000000100000000)
  region size 1024K, 13 young (13312K), 13 survivors (13312K)
 Metaspace       used 90822K, capacity 93530K, committed 93644K, reserved 1130496K
  class space    used 11903K, capacity 12930K, committed 13004K, reserved 1048576K
}
Event: 21.419 GC heap before
{Heap before GC invocations=17 (full 0):
 garbage-first heap   total 258048K, used 205007K [0x0000000080000000, 0x0000000100000000)
  region size 1024K, 108 young (110592K), 13 survivors (13312K)
 Metaspace       used 95565K, capacity 98397K, committed 98636K, reserved 1134592K
  class space    used 12295K, capacity 13355K, committed 13388K, reserved 1048576K
}
Event: 21.429 GC heap after
{Heap after GC invocations=18 (full 0):
 garbage-first heap   total 310272K, used 115881K [0x0000000080000000, 0x0000000100000000)
  region size 1024K, 13 young (13312K), 13 survivors (13312K)
 Metaspace       used 95565K, capacity 98397K, committed 98636K, reserved 1134592K
  class space    used 12295K, capacity 13355K, committed 13388K, reserved 1048576K
}

